<?xml version="1.0" encoding="UTF-8"?>
<!-- Generated by org.testng.reporters.JUnitXMLReporter -->
<testsuite ignored="0" hostname="Kirtan-1910" failures="3" tests="3" name="Default test" time="5.769" errors="0" timestamp="2023-01-04T00:46:13 IST">
  <testcase classname="io.cucumber.testng.AbstractTestNGCucumberTests" name="runScenario" time="0.498">
    <failure type="java.lang.NullPointerException" message="Cannot invoke &amp;quot;org.openqa.selenium.SearchContext.findElement(org.openqa.selenium.By)&amp;quot; because &amp;quot;this.searchContext&amp;quot; is null">
      <![CDATA[java.lang.NullPointerException: Cannot invoke "org.openqa.selenium.SearchContext.findElement(org.openqa.selenium.By)" because "this.searchContext" is null
at org.openqa.selenium.support.pagefactory.DefaultElementLocator.findElement(DefaultElementLocator.java:70)
at org.openqa.selenium.support.pagefactory.internal.LocatingElementHandler.invoke(LocatingElementHandler.java:39)
at jdk.proxy2/jdk.proxy2.$Proxy16.click(Unknown Source)
at pages.LoginPage.nextButton(LoginPage.java:47)
at allTest.TruTimeTest.nextButton(TruTimeTest.java:41)
at ✽.User clicks on Next button(file:///C:/Users/Kirtan/Desktop/CSD/Main%20Project/TruTime/src/test/resources/features/TruTime.feature:8)
]]>
    </failure>
  </testcase> <!-- runScenario -->
  <testcase classname="io.cucumber.testng.AbstractTestNGCucumberTests" name="runScenario" time="0.313">
    <failure type="java.lang.AssertionError" message="expected [Be.Cognizant] but found [Sign in to your account]">
      <![CDATA[java.lang.AssertionError: expected [Be.Cognizant] but found [Sign in to your account]
at org.testng.Assert.fail(Assert.java:110)
at org.testng.Assert.failNotEquals(Assert.java:1413)
at org.testng.Assert.assertEqualsImpl(Assert.java:149)
at org.testng.Assert.assertEquals(Assert.java:131)
at org.testng.Assert.assertEquals(Assert.java:655)
at org.testng.Assert.assertEquals(Assert.java:665)
at pages.HomePage.verifyPage(HomePage.java:73)
at allTest.TruTimeTest.verify(TruTimeTest.java:67)
at ✽.User is on Home Page(file:///C:/Users/Kirtan/Desktop/CSD/Main%20Project/TruTime/src/test/resources/features/TruTime.feature:17)
]]>
    </failure>
  </testcase> <!-- runScenario -->
  <testcase classname="io.cucumber.testng.AbstractTestNGCucumberTests" name="runScenario" time="0.29">
    <failure type="java.lang.AssertionError" message="expected [OneCognizant] but found [Sign in to your account]">
      <![CDATA[java.lang.AssertionError: expected [OneCognizant] but found [Sign in to your account]
at org.testng.Assert.fail(Assert.java:110)
at org.testng.Assert.failNotEquals(Assert.java:1413)
at org.testng.Assert.assertEqualsImpl(Assert.java:149)
at org.testng.Assert.assertEquals(Assert.java:131)
at org.testng.Assert.assertEquals(Assert.java:655)
at org.testng.Assert.assertEquals(Assert.java:665)
at pages.TruTimePage.verifyPage(TruTimePage.java:61)
at allTest.TruTimeTest.Verify(TruTimeTest.java:99)
at ✽.User is on TruTime Page(file:///C:/Users/Kirtan/Desktop/CSD/Main%20Project/TruTime/src/test/resources/features/TruTime.feature:27)
]]>
    </failure>
  </testcase> <!-- runScenario -->
</testsuite> <!-- Default test -->
