<html>
<head>
<title>TestNG:  Default test</title>
<link href="../testng.css" rel="stylesheet" type="text/css" />
<link href="../my-testng.css" rel="stylesheet" type="text/css" />

<style type="text/css">
.log { display: none;} 
.stack-trace { display: none;} 
</style>
<script type="text/javascript">
<!--
function flip(e) {
  current = e.style.display;
  if (current == 'block') {
    e.style.display = 'none';
    return 0;
  }
  else {
    e.style.display = 'block';
    return 1;
  }
}

function toggleBox(szDivId, elem, msg1, msg2)
{
  var res = -1;  if (document.getElementById) {
    res = flip(document.getElementById(szDivId));
  }
  else if (document.all) {
    // this is the way old msie versions work
    res = flip(document.all[szDivId]);
  }
  if(elem) {
    if(res == 0) elem.innerHTML = msg1; else elem.innerHTML = msg2;
  }

}

function toggleAllBoxes() {
  if (document.getElementsByTagName) {
    d = document.getElementsByTagName('div');
    for (i = 0; i < d.length; i++) {
      if (d[i].className == 'log') {
        flip(d[i]);
      }
    }
  }
}

// -->
</script>

</head>
<body>
<h2 align='center'>Default test</h2><table border='1' align="center">
<tr>
<td>Tests passed/Failed/Skipped:</td><td>0/3/0</td>
</tr><tr>
<td>Started on:</td><td>Wed Jan 04 00:46:07 IST 2023</td>
</tr>
<tr><td>Total time:</td><td>5 seconds (5769 ms)</td>
</tr><tr>
<td>Included groups:</td><td></td>
</tr><tr>
<td>Excluded groups:</td><td></td>
</tr>
</table><p/>
<small><i>(Hover the method name to see the test class name)</i></small><p/>
<table width='100%' border='1' class='invocation-failed'>
<tr><td colspan='4' align='center'><b>FAILED TESTS</b></td></tr>
<tr><td><b>Test method</b></td>
<td><b>Attribute(s)</b></td>
<td width="30%"><b>Exception</b></td>
<td width="10%"><b>Time (seconds)</b></td>
<td><b>Instance</b></td>
</tr>
<tr>
<td title='allTest.CucumberRunner.runScenario()'><b>runScenario</b><br>Test class: allTest.CucumberRunner<br>Test method: Runs Cucumber Scenarios<br>Parameters: "Verification of displayed dates", "TruTime"</td>
<td><div><pre>java.lang.AssertionError: expected [OneCognizant] but found [Sign in to your account]
	at org.testng.Assert.fail(Assert.java:110)
	at org.testng.Assert.failNotEquals(Assert.java:1413)
	at org.testng.Assert.assertEqualsImpl(Assert.java:149)
	at org.testng.Assert.assertEquals(Assert.java:131)
	at org.testng.Assert.assertEquals(Assert.java:655)
	at org.testng.Assert.assertEquals(Assert.java:665)
	at pages.TruTimePage.verifyPage(TruTimePage.java:61)
	at allTest.TruTimeTest.Verify(TruTimeTest.java:99)
	at ✽.User is on TruTime Page(file:///C:/Users/Kirtan/Desktop/CSD/Main%20Project/TruTime/src/test/resources/features/TruTime.feature:27)
</pre></div><a href='#' onClick='toggleBox("stack-trace2085013955", this, "Click to show all stack frames", "Click to hide stack frames")'>Click to show all stack frames</a>
<div class='stack-trace' id='stack-trace2085013955'><pre>java.lang.AssertionError: expected [OneCognizant] but found [Sign in to your account]
	at org.testng.Assert.fail(Assert.java:110)
	at org.testng.Assert.failNotEquals(Assert.java:1413)
	at org.testng.Assert.assertEqualsImpl(Assert.java:149)
	at org.testng.Assert.assertEquals(Assert.java:131)
	at org.testng.Assert.assertEquals(Assert.java:655)
	at org.testng.Assert.assertEquals(Assert.java:665)
	at pages.TruTimePage.verifyPage(TruTimePage.java:61)
	at allTest.TruTimeTest.Verify(TruTimeTest.java:99)
	at ✽.User is on TruTime Page(file:///C:/Users/Kirtan/Desktop/CSD/Main%20Project/TruTime/src/test/resources/features/TruTime.feature:27)
</pre></div></td>
<td>0</td>
<td>allTest.CucumberRunner@62230c58</td></tr>
<tr>
<td title='allTest.CucumberRunner.runScenario()'><b>runScenario</b><br>Test class: allTest.CucumberRunner<br>Test method: Runs Cucumber Scenarios<br>Parameters: "Login using correct Email ID and Password", "TruTime"</td>
<td><div><pre>java.lang.NullPointerException: Cannot invoke &quot;org.openqa.selenium.SearchContext.findElement(org.openqa.selenium.By)&quot; because &quot;this.searchContext&quot; is null
	at org.openqa.selenium.support.pagefactory.DefaultElementLocator.findElement(DefaultElementLocator.java:70)
	at org.openqa.selenium.support.pagefactory.internal.LocatingElementHandler.invoke(LocatingElementHandler.java:39)
	at jdk.proxy2/jdk.proxy2.$Proxy16.click(Unknown Source)
	at pages.LoginPage.nextButton(LoginPage.java:47)
	at allTest.TruTimeTest.nextButton(TruTimeTest.java:41)
	at ✽.User clicks on Next button(file:///C:/Users/Kirtan/Desktop/CSD/Main%20Project/TruTime/src/test/resources/features/TruTime.feature:8)
</pre></div><a href='#' onClick='toggleBox("stack-trace449261773", this, "Click to show all stack frames", "Click to hide stack frames")'>Click to show all stack frames</a>
<div class='stack-trace' id='stack-trace449261773'><pre>java.lang.NullPointerException: Cannot invoke &quot;org.openqa.selenium.SearchContext.findElement(org.openqa.selenium.By)&quot; because &quot;this.searchContext&quot; is null
	at org.openqa.selenium.support.pagefactory.DefaultElementLocator.findElement(DefaultElementLocator.java:70)
	at org.openqa.selenium.support.pagefactory.internal.LocatingElementHandler.invoke(LocatingElementHandler.java:39)
	at jdk.proxy2/jdk.proxy2.$Proxy16.click(Unknown Source)
	at pages.LoginPage.nextButton(LoginPage.java:47)
	at allTest.TruTimeTest.nextButton(TruTimeTest.java:41)
	at ✽.User clicks on Next button(file:///C:/Users/Kirtan/Desktop/CSD/Main%20Project/TruTime/src/test/resources/features/TruTime.feature:8)
</pre></div></td>
<td>0</td>
<td>allTest.CucumberRunner@62230c58</td></tr>
<tr>
<td title='allTest.CucumberRunner.runScenario()'><b>runScenario</b><br>Test class: allTest.CucumberRunner<br>Test method: Runs Cucumber Scenarios<br>Parameters: "Searching and Selecting TruTime", "TruTime"</td>
<td><div><pre>java.lang.AssertionError: expected [Be.Cognizant] but found [Sign in to your account]
	at org.testng.Assert.fail(Assert.java:110)
	at org.testng.Assert.failNotEquals(Assert.java:1413)
	at org.testng.Assert.assertEqualsImpl(Assert.java:149)
	at org.testng.Assert.assertEquals(Assert.java:131)
	at org.testng.Assert.assertEquals(Assert.java:655)
	at org.testng.Assert.assertEquals(Assert.java:665)
	at pages.HomePage.verifyPage(HomePage.java:73)
	at allTest.TruTimeTest.verify(TruTimeTest.java:67)
	at ✽.User is on Home Page(file:///C:/Users/Kirtan/Desktop/CSD/Main%20Project/TruTime/src/test/resources/features/TruTime.feature:17)
</pre></div><a href='#' onClick='toggleBox("stack-trace843803222", this, "Click to show all stack frames", "Click to hide stack frames")'>Click to show all stack frames</a>
<div class='stack-trace' id='stack-trace843803222'><pre>java.lang.AssertionError: expected [Be.Cognizant] but found [Sign in to your account]
	at org.testng.Assert.fail(Assert.java:110)
	at org.testng.Assert.failNotEquals(Assert.java:1413)
	at org.testng.Assert.assertEqualsImpl(Assert.java:149)
	at org.testng.Assert.assertEquals(Assert.java:131)
	at org.testng.Assert.assertEquals(Assert.java:655)
	at org.testng.Assert.assertEquals(Assert.java:665)
	at pages.HomePage.verifyPage(HomePage.java:73)
	at allTest.TruTimeTest.verify(TruTimeTest.java:67)
	at ✽.User is on Home Page(file:///C:/Users/Kirtan/Desktop/CSD/Main%20Project/TruTime/src/test/resources/features/TruTime.feature:17)
</pre></div></td>
<td>0</td>
<td>allTest.CucumberRunner@62230c58</td></tr>
</table><p>
</body>
</html>